<?xml version="1.0" encoding="UTF-8"?>
<!-- Generated by org.testng.reporters.JUnitReportReporter -->
<testsuite skipped="0" hostname="Mohit_Dell" name="com.jg.TestCases.VerifyJGLogin" tests="1" failures="0" timestamp="8 Feb 2017 06:37:36 GMT" time="27.951" errors="0">
  <testcase name="verifyValidLoging" time="27.951" classname="com.jg.TestCases.VerifyJGLogin"/>
</testsuite> <!-- com.jg.TestCases.VerifyJGLogin -->
